<?xml version="1.0" encoding="utf-8"?><testsuites name="pytest tests"><testsuite name="pytest" errors="0" failures="0" skipped="0" tests="11" time="2.874" timestamp="2026-03-06T12:54:21.144886+00:00" hostname="agent-env-d2f2961e-eb38-493a-87e4-00e59bc02468"><testcase classname="backend.tests.test_drive_features.TestDriveFilesEndpoint" name="test_drive_files_without_auth_returns_error" time="0.238" /><testcase classname="backend.tests.test_drive_features.TestDriveFilesEndpoint" name="test_drive_files_folder_only_param_accepted" time="0.210" /><testcase classname="backend.tests.test_drive_features.TestDriveFilesEndpoint" name="test_drive_files_folder_only_false" time="0.217" /><testcase classname="backend.tests.test_drive_features.TestFileMetadataEndpoint" name="test_file_metadata_missing_file_id_returns_422" time="0.219" /><testcase classname="backend.tests.test_drive_features.TestFileMetadataEndpoint" name="test_file_metadata_without_auth_returns_error" time="0.252" /><testcase classname="backend.tests.test_drive_features.TestFileMetadataEndpoint" name="test_file_metadata_accepts_both_params" time="0.213" /><testcase classname="backend.tests.test_drive_features.TestOAuthScope" name="test_oauth_connect_returns_authorization_url_with_readonly_scope" time="0.234" /><testcase classname="backend.tests.test_drive_features.TestSessionManagement" name="test_create_session_returns_session_id" time="0.107" /><testcase classname="backend.tests.test_drive_features.TestSessionManagement" name="test_drive_status_for_new_session" time="0.259" /><testcase classname="backend.tests.test_drive_features.TestLayoutEndpointsRegression" name="test_layout_crud_flow" time="0.743" /><testcase classname="backend.tests.test_drive_features.TestRootEndpoint" name="test_api_root_returns_status" time="0.115" /></testsuite></testsuites>