<?xml version="1.0" encoding="utf-8"?><testsuites name="pytest tests"><testsuite name="pytest" errors="0" failures="0" skipped="0" tests="13" time="24.340" timestamp="2026-02-26T19:15:13.404509+00:00" hostname="agent-env-64a16cdc-5bd5-4ff6-bf2d-433d907b12a8"><testcase classname="test_layout_voice.TestLayoutVersionCRUD" name="test_create_layout_version" time="0.392" /><testcase classname="test_layout_voice.TestLayoutVersionCRUD" name="test_list_layouts_for_session" time="0.476" /><testcase classname="test_layout_voice.TestLayoutVersionCRUD" name="test_list_layouts_with_type_filter" time="0.733" /><testcase classname="test_layout_voice.TestLayoutVersionCRUD" name="test_get_layout_by_id" time="0.422" /><testcase classname="test_layout_voice.TestLayoutVersionCRUD" name="test_get_layout_not_found" time="0.190" /><testcase classname="test_layout_voice.TestLayoutVersionCRUD" name="test_update_layout_name" time="0.469" /><testcase classname="test_layout_voice.TestLayoutVersionCRUD" name="test_update_layout_sections" time="0.560" /><testcase classname="test_layout_voice.TestLayoutVersionCRUD" name="test_update_layout_not_found" time="0.128" /><testcase classname="test_layout_voice.TestLayoutVersionCRUD" name="test_delete_layout" time="0.683" /><testcase classname="test_layout_voice.TestLayoutVersionCRUD" name="test_delete_layout_not_found" time="0.114" /><testcase classname="test_layout_voice.TestVoiceTranscription" name="test_voice_transcribe_accepts_audio_file" time="11.854" /><testcase classname="test_layout_voice.TestVoiceTranscription" name="test_voice_transcribe_returns_json_format" time="8.117" /><testcase classname="test_layout_voice.TestHealthCheck" name="test_api_health" time="0.130" /></testsuite></testsuites>