<?xml version="1.0" encoding="utf-8"?><testsuites name="pytest tests"><testsuite name="pytest" errors="0" failures="0" skipped="0" tests="15" time="3.400" timestamp="2026-02-27T04:22:47.931736+00:00" hostname="agent-env-64a16cdc-5bd5-4ff6-bf2d-433d907b12a8"><testcase classname="tests.test_oauth_manual.TestSessionCreate" name="test_create_session_returns_session_id" time="0.171" /><testcase classname="tests.test_oauth_manual.TestOAuthDriveConnect" name="test_oauth_connect_returns_authorization_url" time="0.246" /><testcase classname="tests.test_oauth_manual.TestOAuthDriveConnect" name="test_oauth_connect_url_contains_redirect_uri" time="0.255" /><testcase classname="tests.test_oauth_manual.TestOAuthDriveConnect" name="test_oauth_connect_invalid_session_returns_error" time="0.105" /><testcase classname="tests.test_oauth_manual.TestOAuthCallback" name="test_callback_returns_html_not_redirect_on_error" time="0.202" /><testcase classname="tests.test_oauth_manual.TestOAuthCallback" name="test_callback_html_contains_error_message" time="0.167" /><testcase classname="tests.test_oauth_manual.TestManualConnect" name="test_manual_connect_invalid_session_returns_error" time="0.116" /><testcase classname="tests.test_oauth_manual.TestManualConnect" name="test_manual_connect_invalid_code_returns_500" time="0.346" /><testcase classname="tests.test_oauth_manual.TestManualConnect" name="test_manual_connect_requires_both_fields" time="0.122" /><testcase classname="tests.test_oauth_manual.TestDriveStatus" name="test_drive_status_new_session_not_connected" time="0.250" /><testcase classname="tests.test_oauth_manual.TestLayoutCRUD" name="test_create_layout" time="0.252" /><testcase classname="tests.test_oauth_manual.TestLayoutCRUD" name="test_list_layouts" time="0.386" /><testcase classname="tests.test_oauth_manual.TestLayoutCRUD" name="test_get_layout_not_found" time="0.118" /><testcase classname="tests.test_oauth_manual.TestLayoutCRUD" name="test_delete_layout" time="0.482" /><testcase classname="tests.test_oauth_manual.TestHealthCheck" name="test_root_endpoint" time="0.108" /></testsuite></testsuites>