<?xml version="1.0" encoding="utf-8"?><testsuites name="pytest tests"><testsuite name="pytest" errors="0" failures="3" skipped="0" tests="15" time="3.546" timestamp="2026-02-27T04:22:11.420197+00:00" hostname="agent-env-64a16cdc-5bd5-4ff6-bf2d-433d907b12a8"><testcase classname="tests.test_oauth_manual.TestSessionCreate" name="test_create_session_returns_session_id" time="0.292" /><testcase classname="tests.test_oauth_manual.TestOAuthDriveConnect" name="test_oauth_connect_returns_authorization_url" time="0.275" /><testcase classname="tests.test_oauth_manual.TestOAuthDriveConnect" name="test_oauth_connect_url_contains_redirect_uri" time="0.240"><failure message="AssertionError: redirect_uri should point to oauth/drive/callback&#10;assert ('oauth%2Fdrive%2Fcallback' in 'https://accounts.google.com/o/oauth2/auth?response_type=code&amp;client_id=352071874328-ehoi67f6ug14o1hbjodg18pvdu8ni110.apps.googleusercontent.com&amp;redirect_uri=https%3a%2f%2fexcel-app-link.preview.emergentagent.com%2fapi%2foauth%2fdrive%2fcallback&amp;scope=https%3a%2f%2fwww.googleapis.com%2fauth%2fdrive.readonly&amp;state=0c7f6269-4478-44a6-980f-cbf7638b25b3&amp;access_type=offline&amp;include_granted_scopes=true&amp;prompt=consent' or 'oauth/drive/callback' in 'https://accounts.google.com/o/oauth2/auth?response_type=code&amp;client_id=352071874328-ehoi67f6ug14o1hbjodg18pvdu8ni110.apps.googleusercontent.com&amp;redirect_uri=https%3A%2F%2Fexcel-app-link.preview.emergentagent.com%2Fapi%2Foauth%2Fdrive%2Fcallback&amp;scope=https%3A%2F%2Fwww.googleapis.com%2Fauth%2Fdrive.readonly&amp;state=0c7f6269-4478-44a6-980f-cbf7638b25b3&amp;access_type=offline&amp;include_granted_scopes=true&amp;prompt=consent')&#10; +  where 'https://accounts.google.com/o/oauth2/auth?response_type=code&amp;client_id=352071874328-ehoi67f6ug14o1hbjodg18pvdu8ni110.apps.googleusercontent.com&amp;redirect_uri=https%3a%2f%2fexcel-app-link.preview.emergentagent.com%2fapi%2foauth%2fdrive%2fcallback&amp;scope=https%3a%2f%2fwww.googleapis.com%2fauth%2fdrive.readonly&amp;state=0c7f6269-4478-44a6-980f-cbf7638b25b3&amp;access_type=offline&amp;include_granted_scopes=true&amp;prompt=consent' = &lt;built-in method lower of str object at 0xfedab08585a0&gt;()&#10; +    where &lt;built-in method lower of str object at 0xfedab08585a0&gt; = 'https://accounts.google.com/o/oauth2/auth?response_type=code&amp;client_id=352071874328-ehoi67f6ug14o1hbjodg18pvdu8ni110.apps.googleusercontent.com&amp;redirect_uri=https%3A%2F%2Fexcel-app-link.preview.emergentagent.com%2Fapi%2Foauth%2Fdrive%2Fcallback&amp;scope=https%3A%2F%2Fwww.googleapis.com%2Fauth%2Fdrive.readonly&amp;state=0c7f6269-4478-44a6-980f-cbf7638b25b3&amp;access_type=offline&amp;include_granted_scopes=true&amp;prompt=consent'.lower">tests/test_oauth_manual.py:54: in test_oauth_connect_url_contains_redirect_uri
    assert "oauth%2Fdrive%2Fcallback" in auth_url.lower() or "oauth/drive/callback" in auth_url, \
E   AssertionError: redirect_uri should point to oauth/drive/callback
E   assert ('oauth%2Fdrive%2Fcallback' in 'https://accounts.google.com/o/oauth2/auth?response_type=code&amp;client_id=352071874328-ehoi67f6ug14o1hbjodg18pvdu8ni110.apps.googleusercontent.com&amp;redirect_uri=https%3a%2f%2fexcel-app-link.preview.emergentagent.com%2fapi%2foauth%2fdrive%2fcallback&amp;scope=https%3a%2f%2fwww.googleapis.com%2fauth%2fdrive.readonly&amp;state=0c7f6269-4478-44a6-980f-cbf7638b25b3&amp;access_type=offline&amp;include_granted_scopes=true&amp;prompt=consent' or 'oauth/drive/callback' in 'https://accounts.google.com/o/oauth2/auth?response_type=code&amp;client_id=352071874328-ehoi67f6ug14o1hbjodg18pvdu8ni110.apps.googleusercontent.com&amp;redirect_uri=https%3A%2F%2Fexcel-app-link.preview.emergentagent.com%2Fapi%2Foauth%2Fdrive%2Fcallback&amp;scope=https%3A%2F%2Fwww.googleapis.com%2Fauth%2Fdrive.readonly&amp;state=0c7f6269-4478-44a6-980f-cbf7638b25b3&amp;access_type=offline&amp;include_granted_scopes=true&amp;prompt=consent')
E    +  where 'https://accounts.google.com/o/oauth2/auth?response_type=code&amp;client_id=352071874328-ehoi67f6ug14o1hbjodg18pvdu8ni110.apps.googleusercontent.com&amp;redirect_uri=https%3a%2f%2fexcel-app-link.preview.emergentagent.com%2fapi%2foauth%2fdrive%2fcallback&amp;scope=https%3a%2f%2fwww.googleapis.com%2fauth%2fdrive.readonly&amp;state=0c7f6269-4478-44a6-980f-cbf7638b25b3&amp;access_type=offline&amp;include_granted_scopes=true&amp;prompt=consent' = &lt;built-in method lower of str object at 0xfedab08585a0&gt;()
E    +    where &lt;built-in method lower of str object at 0xfedab08585a0&gt; = 'https://accounts.google.com/o/oauth2/auth?response_type=code&amp;client_id=352071874328-ehoi67f6ug14o1hbjodg18pvdu8ni110.apps.googleusercontent.com&amp;redirect_uri=https%3A%2F%2Fexcel-app-link.preview.emergentagent.com%2Fapi%2Foauth%2Fdrive%2Fcallback&amp;scope=https%3A%2F%2Fwww.googleapis.com%2Fauth%2Fdrive.readonly&amp;state=0c7f6269-4478-44a6-980f-cbf7638b25b3&amp;access_type=offline&amp;include_granted_scopes=true&amp;prompt=consent'.lower</failure></testcase><testcase classname="tests.test_oauth_manual.TestOAuthDriveConnect" name="test_oauth_connect_invalid_session_returns_404" time="0.123"><failure message="AssertionError: Expected 404 for invalid session, got 500&#10;assert 500 == 404&#10; +  where 500 = &lt;Response [500]&gt;.status_code">tests/test_oauth_manual.py:62: in test_oauth_connect_invalid_session_returns_404
    assert response.status_code == 404, f"Expected 404 for invalid session, got {response.status_code}"
E   AssertionError: Expected 404 for invalid session, got 500
E   assert 500 == 404
E    +  where 500 = &lt;Response [500]&gt;.status_code</failure></testcase><testcase classname="tests.test_oauth_manual.TestOAuthCallback" name="test_callback_returns_html_not_redirect_on_error" time="0.172" /><testcase classname="tests.test_oauth_manual.TestOAuthCallback" name="test_callback_html_contains_error_message" time="0.156" /><testcase classname="tests.test_oauth_manual.TestManualConnect" name="test_manual_connect_invalid_session_returns_404" time="0.117"><failure message="AssertionError: Expected 404, got 500&#10;assert 500 == 404&#10; +  where 500 = &lt;Response [500]&gt;.status_code">tests/test_oauth_manual.py:117: in test_manual_connect_invalid_session_returns_404
    assert response.status_code == 404, f"Expected 404, got {response.status_code}"
E   AssertionError: Expected 404, got 500
E   assert 500 == 404
E    +  where 500 = &lt;Response [500]&gt;.status_code</failure></testcase><testcase classname="tests.test_oauth_manual.TestManualConnect" name="test_manual_connect_invalid_code_returns_500" time="0.264" /><testcase classname="tests.test_oauth_manual.TestManualConnect" name="test_manual_connect_requires_both_fields" time="0.141" /><testcase classname="tests.test_oauth_manual.TestDriveStatus" name="test_drive_status_new_session_not_connected" time="0.263" /><testcase classname="tests.test_oauth_manual.TestLayoutCRUD" name="test_create_layout" time="0.254" /><testcase classname="tests.test_oauth_manual.TestLayoutCRUD" name="test_list_layouts" time="0.358" /><testcase classname="tests.test_oauth_manual.TestLayoutCRUD" name="test_get_layout_not_found" time="0.116" /><testcase classname="tests.test_oauth_manual.TestLayoutCRUD" name="test_delete_layout" time="0.485" /><testcase classname="tests.test_oauth_manual.TestHealthCheck" name="test_root_endpoint" time="0.111" /></testsuite></testsuites>