<?xml version="1.0" encoding="utf-8"?><testsuites name="pytest tests"><testsuite name="pytest" errors="0" failures="0" skipped="0" tests="9" time="1.596" timestamp="2026-03-07T11:54:50.693164+00:00" hostname="agent-env-5de664fa-933a-4f5d-bfe0-3a12f9072919"><testcase classname="backend.tests.test_payment_api.TestHealthEndpoint" name="test_api_root_status" time="0.256" /><testcase classname="backend.tests.test_payment_api.TestSessionEndpoint" name="test_create_session" time="0.105" /><testcase classname="backend.tests.test_payment_api.TestPaymentEndpoints" name="test_record_payment" time="0.115" /><testcase classname="backend.tests.test_payment_api.TestPaymentEndpoints" name="test_record_payment_missing_fields" time="0.104" /><testcase classname="backend.tests.test_payment_api.TestPaymentEndpoints" name="test_list_payments" time="0.280" /><testcase classname="backend.tests.test_payment_api.TestPaymentEndpoints" name="test_list_payments_by_debtor" time="0.140" /><testcase classname="backend.tests.test_payment_api.TestPaymentEndpoints" name="test_delete_payment" time="0.227" /><testcase classname="backend.tests.test_payment_api.TestPaymentEndpoints" name="test_delete_nonexistent_payment" time="0.099" /><testcase classname="backend.tests.test_payment_api.TestPaymentDataValidation" name="test_payment_amount_validation" time="0.207" /></testsuite></testsuites>