<?xml version="1.0" encoding="utf-8"?><testsuites name="pytest tests"><testsuite name="pytest" errors="0" failures="1" skipped="0" tests="8" time="1.612" timestamp="2026-02-26T10:53:23.187075+00:00" hostname="agent-env-65b54501-176b-426a-9255-bc2f4be13bbc"><testcase classname="tests.test_backend_api.TestRootEndpoint" name="test_api_root_returns_running_status" time="0.203" /><testcase classname="tests.test_backend_api.TestSessionManagement" name="test_session_create_returns_session_id" time="0.138" /><testcase classname="tests.test_backend_api.TestSessionManagement" name="test_session_create_generates_unique_ids" time="0.315" /><testcase classname="tests.test_backend_api.TestDriveStatus" name="test_drive_status_with_valid_session" time="0.194" /><testcase classname="tests.test_backend_api.TestDriveStatus" name="test_drive_status_with_nonexistent_session" time="0.098" /><testcase classname="tests.test_backend_api.TestOAuthEndpoints" name="test_oauth_connect_requires_session" time="0.203" /><testcase classname="tests.test_backend_api.TestOAuthEndpoints" name="test_oauth_connect_rejects_invalid_session" time="0.165"><failure message="assert 500 == 404&#10; +  where 500 = &lt;Response [500]&gt;.status_code">tests/test_backend_api.py:115: in test_oauth_connect_rejects_invalid_session
    assert response.status_code == 404
E   assert 500 == 404
E    +  where 500 = &lt;Response [500]&gt;.status_code</failure></testcase><testcase classname="tests.test_backend_api.TestConfigEndpoints" name="test_config_list_requires_session" time="0.218" /></testsuite></testsuites>