<?xml version="1.0" encoding="utf-8"?><testsuites name="pytest tests"><testsuite name="pytest" errors="0" failures="0" skipped="0" tests="8" time="1.456" timestamp="2026-02-26T10:54:25.121081+00:00" hostname="agent-env-65b54501-176b-426a-9255-bc2f4be13bbc"><testcase classname="tests.test_backend_api.TestRootEndpoint" name="test_api_root_returns_running_status" time="0.152" /><testcase classname="tests.test_backend_api.TestSessionManagement" name="test_session_create_returns_session_id" time="0.107" /><testcase classname="tests.test_backend_api.TestSessionManagement" name="test_session_create_generates_unique_ids" time="0.325" /><testcase classname="tests.test_backend_api.TestDriveStatus" name="test_drive_status_with_valid_session" time="0.212" /><testcase classname="tests.test_backend_api.TestDriveStatus" name="test_drive_status_with_nonexistent_session" time="0.103" /><testcase classname="tests.test_backend_api.TestOAuthEndpoints" name="test_oauth_connect_requires_session" time="0.202" /><testcase classname="tests.test_backend_api.TestOAuthEndpoints" name="test_oauth_connect_rejects_invalid_session" time="0.108" /><testcase classname="tests.test_backend_api.TestConfigEndpoints" name="test_config_list_requires_session" time="0.191" /></testsuite></testsuites>